# JRE version: OpenJDK Runtime Environment (8.0_202-b03) (build 1.8.0_202-release-1483-b03)
# Java VM: OpenJDK 64-Bit Server VM (25.202-b03 mixed mode windows-amd64 compressed oops)
Heap:
 PSYoungGen      total 274432K, used 115601K [0x00000000e0000000, 0x00000000f5900000, 0x0000000100000000)
  eden space 195584K, 59% used [0x00000000e0000000,0x00000000e70e4730,0x00000000ebf00000)
  from space 78848K, 0% used [0x00000000f0c00000,0x00000000f0c00000,0x00000000f5900000)
  to   space 78848K, 0% used [0x00000000ebf00000,0x00000000ebf00000,0x00000000f0c00000)
 ParOldGen       total 136192K, used 30304K [0x00000000a0000000, 0x00000000a8500000, 0x00000000e0000000)
  object space 136192K, 22% used [0x00000000a0000000,0x00000000a1d983c0,0x00000000a8500000)
 Metaspace       used 68361K, capacity 70626K, committed 74536K, reserved 1114112K
  class space    used 7639K, capacity 8310K, committed 9008K, reserved 1048576K
GC Heap History (10 events):
Event: 8021.441 GC heap before
{Heap before GC invocations=38 (full 5):
 PSYoungGen      total 221184K, used 221183K [0x00000000e0000000, 0x00000000f3800000, 0x0000000100000000)
  eden space 169472K, 100% used [0x00000000e0000000,0x00000000ea580000,0x00000000ea580000)
  from space 51712K, 99% used [0x00000000ee080000,0x00000000f12ffd88,0x00000000f1300000)
  to   space 60416K, 0% used [0x00000000ea580000,0x00000000ea580000,0x00000000ee080000)
 ParOldGen       total 136192K, used 20910K [0x00000000a0000000, 0x00000000a8500000, 0x00000000e0000000)
  object space 136192K, 15% used [0x00000000a0000000,0x00000000a146b9e0,0x00000000a8500000)
 Metaspace       used 70220K, capacity 72880K, committed 73000K, reserved 1114112K
  class space    used 7911K, capacity 8743K, committed 8752K, reserved 1048576K
Event: 8021.563 GC heap after
Heap after GC invocations=38 (full 5):
 PSYoungGen      total 229888K, used 60397K [0x00000000e0000000, 0x00000000f4600000, 0x0000000100000000)
  eden space 169472K, 0% used [0x00000000e0000000,0x00000000e0000000,0x00000000ea580000)
  from space 60416K, 99% used [0x00000000ea580000,0x00000000ee07b450,0x00000000ee080000)
  to   space 73216K, 0% used [0x00000000efe80000,0x00000000efe80000,0x00000000f4600000)
 ParOldGen       total 136192K, used 35176K [0x00000000a0000000, 0x00000000a8500000, 0x00000000e0000000)
  object space 136192K, 25% used [0x00000000a0000000,0x00000000a225a0f0,0x00000000a8500000)
 Metaspace       used 70220K, capacity 72880K, committed 73000K, reserved 1114112K
  class space    used 7911K, capacity 8743K, committed 8752K, reserved 1048576K
}
Event: 8294.902 GC heap before
{Heap before GC invocations=39 (full 5):
 PSYoungGen      total 229888K, used 229869K [0x00000000e0000000, 0x00000000f4600000, 0x0000000100000000)
  eden space 169472K, 100% used [0x00000000e0000000,0x00000000ea580000,0x00000000ea580000)
  from space 60416K, 99% used [0x00000000ea580000,0x00000000ee07b450,0x00000000ee080000)
  to   space 73216K, 0% used [0x00000000efe80000,0x00000000efe80000,0x00000000f4600000)
 ParOldGen       total 136192K, used 35176K [0x00000000a0000000, 0x00000000a8500000, 0x00000000e0000000)
  object space 136192K, 25% used [0x00000000a0000000,0x00000000a225a0f0,0x00000000a8500000)
 Metaspace       used 70768K, capacity 73536K, committed 73640K, reserved 1114112K
  class space    used 7969K, capacity 8855K, committed 8880K, reserved 1048576K
Event: 8294.975 GC heap after
Heap after GC invocations=39 (full 5):
 PSYoungGen      total 256512K, used 49539K [0x00000000e0000000, 0x00000000f4500000, 0x0000000100000000)
  eden space 184320K, 0% used [0x00000000e0000000,0x00000000e0000000,0x00000000eb400000)
  from space 72192K, 68% used [0x00000000efe80000,0x00000000f2ee0c10,0x00000000f4500000)
  to   space 74240K, 0% used [0x00000000eb400000,0x00000000eb400000,0x00000000efc80000)
 ParOldGen       total 136192K, used 52195K [0x00000000a0000000, 0x00000000a8500000, 0x00000000e0000000)
  object space 136192K, 38% used [0x00000000a0000000,0x00000000a32f8c90,0x00000000a8500000)
 Metaspace       used 70768K, capacity 73536K, committed 73640K, reserved 1114112K
  class space    used 7969K, capacity 8855K, committed 8880K, reserved 1048576K
}
Event: 8371.809 GC heap before
{Heap before GC invocations=40 (full 5):
 PSYoungGen      total 256512K, used 233859K [0x00000000e0000000, 0x00000000f4500000, 0x0000000100000000)
  eden space 184320K, 100% used [0x00000000e0000000,0x00000000eb400000,0x00000000eb400000)
  from space 72192K, 68% used [0x00000000efe80000,0x00000000f2ee0c10,0x00000000f4500000)
  to   space 74240K, 0% used [0x00000000eb400000,0x00000000eb400000,0x00000000efc80000)
 ParOldGen       total 136192K, used 52195K [0x00000000a0000000, 0x00000000a8500000, 0x00000000e0000000)
  object space 136192K, 38% used [0x00000000a0000000,0x00000000a32f8c90,0x00000000a8500000)
 Metaspace       used 71356K, capacity 74136K, committed 74280K, reserved 1114112K
  class space    used 8035K, capacity 8927K, committed 9008K, reserved 1048576K
Event: 8371.851 GC heap after
Heap after GC invocations=40 (full 5):
 PSYoungGen      total 258560K, used 60264K [0x00000000e0000000, 0x00000000f5900000, 0x0000000100000000)
  eden space 184320K, 0% used [0x00000000e0000000,0x00000000e0000000,0x00000000eb400000)
  from space 74240K, 81% used [0x00000000eb400000,0x00000000eeeda218,0x00000000efc80000)
  to   space 78848K, 0% used [0x00000000f0c00000,0x00000000f0c00000,0x00000000f5900000)
 ParOldGen       total 136192K, used 52203K [0x00000000a0000000, 0x00000000a8500000, 0x00000000e0000000)
  object space 136192K, 38% used [0x00000000a0000000,0x00000000a32fac90,0x00000000a8500000)
 Metaspace       used 71356K, capacity 74136K, committed 74280K, reserved 1114112K
  class space    used 8035K, capacity 8927K, committed 9008K, reserved 1048576K
}
Event: 8398.601 GC heap before
{Heap before GC invocations=41 (full 5):
 PSYoungGen      total 258560K, used 168678K [0x00000000e0000000, 0x00000000f5900000, 0x0000000100000000)
  eden space 184320K, 58% used [0x00000000e0000000,0x00000000e69df908,0x00000000eb400000)
  from space 74240K, 81% used [0x00000000eb400000,0x00000000eeeda218,0x00000000efc80000)
  to   space 78848K, 0% used [0x00000000f0c00000,0x00000000f0c00000,0x00000000f5900000)
 ParOldGen       total 136192K, used 52203K [0x00000000a0000000, 0x00000000a8500000, 0x00000000e0000000)
  object space 136192K, 38% used [0x00000000a0000000,0x00000000a32fac90,0x00000000a8500000)
 Metaspace       used 71489K, capacity 74304K, committed 74536K, reserved 1114112K
  class space    used 8048K, capacity 8959K, committed 9008K, reserved 1048576K
Event: 8398.704 GC heap after
Heap after GC invocations=41 (full 5):
 PSYoungGen      total 274432K, used 51025K [0x00000000e0000000, 0x00000000f5900000, 0x0000000100000000)
  eden space 195584K, 0% used [0x00000000e0000000,0x00000000e0000000,0x00000000ebf00000)
  from space 78848K, 64% used [0x00000000f0c00000,0x00000000f3dd46e8,0x00000000f5900000)
  to   space 78848K, 0% used [0x00000000ebf00000,0x00000000ebf00000,0x00000000f0c00000)
 ParOldGen       total 136192K, used 52211K [0x00000000a0000000, 0x00000000a8500000, 0x00000000e0000000)
  object space 136192K, 38% used [0x00000000a0000000,0x00000000a32fcc90,0x00000000a8500000)
 Metaspace       used 71489K, capacity 74304K, committed 74536K, reserved 1114112K
  class space    used 8048K, capacity 8959K, committed 9008K, reserved 1048576K
}
Event: 8398.705 GC heap before
{Heap before GC invocations=42 (full 6):
 PSYoungGen      total 274432K, used 51025K [0x00000000e0000000, 0x00000000f5900000, 0x0000000100000000)
  eden space 195584K, 0% used [0x00000000e0000000,0x00000000e0000000,0x00000000ebf00000)
  from space 78848K, 64% used [0x00000000f0c00000,0x00000000f3dd46e8,0x00000000f5900000)
  to   space 78848K, 0% used [0x00000000ebf00000,0x00000000ebf00000,0x00000000f0c00000)
 ParOldGen       total 136192K, used 52211K [0x00000000a0000000, 0x00000000a8500000, 0x00000000e0000000)
  object space 136192K, 38% used [0x00000000a0000000,0x00000000a32fcc90,0x00000000a8500000)
 Metaspace       used 71489K, capacity 74304K, committed 74536K, reserved 1114112K
  class space    used 8048K, capacity 8959K, committed 9008K, reserved 1048576K
Event: 8398.911 GC heap after
Heap after GC invocations=42 (full 6):
 PSYoungGen      total 274432K, used 0K [0x00000000e0000000, 0x00000000f5900000, 0x0000000100000000)
  eden space 195584K, 0% used [0x00000000e0000000,0x00000000e0000000,0x00000000ebf00000)
  from space 78848K, 0% used [0x00000000f0c00000,0x00000000f0c00000,0x00000000f5900000)
  to   space 78848K, 0% used [0x00000000ebf00000,0x00000000ebf00000,0x00000000f0c00000)
 ParOldGen       total 136192K, used 30304K [0x00000000a0000000, 0x00000000a8500000, 0x00000000e0000000)
  object space 136192K, 22% used [0x00000000a0000000,0x00000000a1d983c0,0x00000000a8500000)
 Metaspace       used 68071K, capacity 70314K, committed 74536K, reserved 1114112K
  class space    used 7605K, capacity 8270K, committed 9008K, reserved 1048576K
}

